<?xml version="1.0" encoding="UTF-8"?><testsuite errors="1" failures="0" name="Comprar un TV en el sitio web Exito" skipped="0" tests="1" time="22.06" timestamp="2019-02-20 12:59:16"><testcase name="Realizar la compra de un TV por el sitio web de Exito"><error message="Could not instantiate class org.openqa.selenium.chrome.ChromeDriver" type="net.thucydides.core.webdriver.UnsupportedDriverException">Could not instantiate class org.openqa.selenium.chrome.ChromeDriver</error><system-err>Could not instantiate class org.openqa.selenium.chrome.ChromeDriver&#13;
co.com.retoexito.screenplay.tasks.Abrir.performAs(Abrir.java:15)&#13;
co.com.retoexito.screenplay.stepdefinitions.ComprarTVStepDefinitions.queQuieroComprarUnTelevisorParaVerElMundialDeFutbol(ComprarTVStepDefinitions.java:29)&#13;
cucumber.runner.Runner.runPickle(Runner.java:80)&#13;
org.eclipse.jdt.internal.junit4.runner.JUnit4TestReference.run(JUnit4TestReference.java:86)&#13;
org.eclipse.jdt.internal.junit.runner.TestExecution.run(TestExecution.java:38)&#13;
org.eclipse.jdt.internal.junit.runner.RemoteTestRunner.runTests(RemoteTestRunner.java:538)&#13;
org.eclipse.jdt.internal.junit.runner.RemoteTestRunner.runTests(RemoteTestRunner.java:760)&#13;
org.eclipse.jdt.internal.junit.runner.RemoteTestRunner.run(RemoteTestRunner.java:460)&#13;
org.eclipse.jdt.internal.junit.runner.RemoteTestRunner.main(RemoteTestRunner.java:206)&#13;
</system-err></testcase></testsuite>